<?xml version="1.0" encoding="UTF-8"?>
<testsuites name="Mocha Tests" time="3.515" tests="2" failures="0">
  <testsuite name="Root Suite" timestamp="2025-11-19T10:46:44" tests="0" file="cypress\e2e\loginPOM.cy.js" time="0.000" failures="0">
  </testsuite>
  <testsuite name="authentification avec POM" timestamp="2025-11-19T10:46:44" tests="2" time="3.513" failures="0">
    <testcase name="authentification avec POM login with valid credentials" time="1.508" classname="login with valid credentials">
    </testcase>
    <testcase name="authentification avec POM login with wrong credentials" time="0.981" classname="login with wrong credentials">
    </testcase>
  </testsuite>
</testsuites>