<?xml version="1.0" encoding="UTF-8"?>
<testsuites name="Mocha Tests" time="6.134" tests="2" failures="0">
  <testsuite name="Root Suite" timestamp="2025-11-19T10:44:10" tests="0" file="cypress\e2e\loginPOM.cy.js" time="0.000" failures="0">
  </testsuite>
  <testsuite name="authentification avec POM" timestamp="2025-11-19T10:44:10" tests="2" time="6.133" failures="0">
    <testcase name="authentification avec POM login with valid credentials" time="2.454" classname="login with valid credentials">
    </testcase>
    <testcase name="authentification avec POM login with wrong credentials" time="1.012" classname="login with wrong credentials">
    </testcase>
  </testsuite>
</testsuites>