<?xml version="1.0" encoding="UTF-8"?>
<testsuites name="Mocha Tests" time="0.456" tests="1" failures="1">
  <testsuite name="Root Suite" timestamp="2025-11-19T10:44:06" tests="1" file="cypress\e2e\login.cy.js" time="0.455" failures="1">
    <testcase name="An uncaught error was detected outside of a test" time="0.000" classname="An uncaught error was detected outside of a test">
      <failure message="The following error originated from your test code, not from Cypress.

  &gt; HEAD is not defined

When Cypress detects uncaught errors originating from your test code it will automatically fail the current test.

Cypress could not associate this error to any specific test.

We dynamically generated a new test to display this failure." type="ReferenceError"><![CDATA[ReferenceError: The following error originated from your test code, not from Cypress.

  > HEAD is not defined

When Cypress detects uncaught errors originating from your test code it will automatically fail the current test.

Cypress could not associate this error to any specific test.

We dynamically generated a new test to display this failure.
    at eval (webpack:///./cypress/e2e/login.cy.js:1:0)
    at eval (http://localhost:61124/__cypress/tests?p=cypress\e2e\login.cy.js:131:12)
    at eval (<anonymous>)
    at <unknown> (http://localhost:61124/__cypress/runner/cypress_runner.js:113506:23)
    at tryCatcher (http://localhost:61124/__cypress/runner/cypress_runner.js:1777:23)
    at Object.gotValue (http://localhost:61124/__cypress/runner/cypress_runner.js:6446:18)
    at Object.gotAccum (http://localhost:61124/__cypress/runner/cypress_runner.js:6435:25)
    at Object.tryCatcher (http://localhost:61124/__cypress/runner/cypress_runner.js:1777:23)
    at Promise._settlePromiseFromHandler (http://localhost:61124/__cypress/runner/cypress_runner.js:1489:31)
    at Promise._settlePromise (http://localhost:61124/__cypress/runner/cypress_runner.js:1546:18)]]></failure>
    </testcase>
  </testsuite>
</testsuites>