<?xml version="1.0" encoding="UTF-8"?>
<testsuites name="Mocha Tests" time="7.341" tests="5" failures="0">
  <testsuite name="Root Suite" timestamp="2025-11-19T10:46:34" tests="0" file="cypress\e2e\login.cy.js" time="0.000" failures="0">
  </testsuite>
  <testsuite name="fonctionnalité d&apos;authentification" timestamp="2025-11-19T10:46:34" tests="5" time="7.341" failures="0">
    <testcase name="fonctionnalité d&apos;authentification login with valid credentials" time="2.149" classname="login with valid credentials">
    </testcase>
    <testcase name="fonctionnalité d&apos;authentification login with invalid credentials" time="0.966" classname="login with invalid credentials">
    </testcase>
    <testcase name="fonctionnalité d&apos;authentification login fixture credentials" time="1.938" classname="login fixture credentials">
    </testcase>
    <testcase name="fonctionnalité d&apos;authentification login with simple fixture" time="0.795" classname="login with simple fixture">
    </testcase>
    <testcase name="fonctionnalité d&apos;authentification test basique sur l&apos;application" time="0.067" classname="test basique sur l&apos;application">
    </testcase>
  </testsuite>
</testsuites>