<?xml version="1.0" encoding="UTF-8"?>
<testsuites name="Mocha Tests" time="4.091" tests="1" failures="0">
  <testsuite name="Root Suite" timestamp="2025-11-19T10:44:35" tests="0" file="cypress\e2e\product_parcours21.cy.js" time="0.000" failures="0">
  </testsuite>
  <testsuite name="fonctionnalité d&apos;authentification" timestamp="2025-11-19T10:44:35" tests="1" time="4.089" failures="0">
    <testcase name="fonctionnalité d&apos;authentification Ajout au panier parcour 2" time="2.592" classname="Ajout au panier parcour 2">
    </testcase>
  </testsuite>
</testsuites>